<?xml version="1.0" encoding="UTF-8" standalone="no"?>
<testsuite errors="0" failures="1" name="io.cucumber.core.plugin.JUnitFormatter" skipped="0" tests="5" time="45.184">
    <testcase classname="US1003 Kullanici parametre olarak girilen degerleri aratir" name="TC03 Kullanici Parametreli method ile Nutelle aratir" time="18.97">
        <failure message="no such element: Unable to locate element: {&quot;method&quot;:&quot;css selector&quot;,&quot;selector&quot;:&quot;#twotabsearchtextbox&quot;}&#10;  (Session info: chrome=118.0.5993.96)&#10;For documentation on this error, please visit: https://www.selenium.dev/documentation/webdriver/troubleshooting/errors#no-such-element-exception&#10;Build info: version: '4.11.0', revision: '040bc5406b'&#10;System info: os.name: 'Mac OS X', os.arch: 'aarch64', os.version: '14.1.2', java.version: '21'&#10;Driver info: org.openqa.selenium.chrome.ChromeDriver&#10;Command: [116999ecb103eb8a54c809552d5efc50, findElement {using=id, value=twotabsearchtextbox}]&#10;Capabilities {acceptInsecureCerts: false, browserName: chrome, browserVersion: 118.0.5993.96, chrome: {chromedriverVersion: 118.0.5993.70 (e52f33f30b91..., userDataDir: /var/folders/ts/g_vf5_cj0fz...}, fedcm:accounts: true, goog:chromeOptions: {debuggerAddress: localhost:63899}, networkConnectionEnabled: false, pageLoadStrategy: normal, platformName: mac, proxy: Proxy(), se:cdp: ws://localhost:63899/devtoo..., se:cdpVersion: 118.0.5993.96, setWindowRect: true, strictFileInteractability: false, timeouts: {implicit: 0, pageLoad: 300000, script: 30000}, unhandledPromptBehavior: dismiss and notify, webauthn:extension:credBlob: true, webauthn:extension:largeBlob: true, webauthn:extension:minPinLength: true, webauthn:extension:prf: true, webauthn:virtualAuthenticators: true}&#10;Session ID: 116999ecb103eb8a54c809552d5efc50" type="org.openqa.selenium.NoSuchElementException"><![CDATA[Given kullanici amazon anasayfaya gider.....................................passed
Then amazon arama kutusuna "Nutella" yazip aratir...........................failed
And arama sonuclarinin "Nutella" icerdigini test eder.......................skipped
And sayfayi kapatir.........................................................skipped

StackTrace:
org.openqa.selenium.NoSuchElementException: no such element: Unable to locate element: {"method":"css selector","selector":"#twotabsearchtextbox"}
  (Session info: chrome=118.0.5993.96)
For documentation on this error, please visit: https://www.selenium.dev/documentation/webdriver/troubleshooting/errors#no-such-element-exception
Build info: version: '4.11.0', revision: '040bc5406b'
System info: os.name: 'Mac OS X', os.arch: 'aarch64', os.version: '14.1.2', java.version: '21'
Driver info: org.openqa.selenium.chrome.ChromeDriver
Command: [116999ecb103eb8a54c809552d5efc50, findElement {using=id, value=twotabsearchtextbox}]
Capabilities {acceptInsecureCerts: false, browserName: chrome, browserVersion: 118.0.5993.96, chrome: {chromedriverVersion: 118.0.5993.70 (e52f33f30b91..., userDataDir: /var/folders/ts/g_vf5_cj0fz...}, fedcm:accounts: true, goog:chromeOptions: {debuggerAddress: localhost:63899}, networkConnectionEnabled: false, pageLoadStrategy: normal, platformName: mac, proxy: Proxy(), se:cdp: ws://localhost:63899/devtoo..., se:cdpVersion: 118.0.5993.96, setWindowRect: true, strictFileInteractability: false, timeouts: {implicit: 0, pageLoad: 300000, script: 30000}, unhandledPromptBehavior: dismiss and notify, webauthn:extension:credBlob: true, webauthn:extension:largeBlob: true, webauthn:extension:minPinLength: true, webauthn:extension:prf: true, webauthn:virtualAuthenticators: true}
Session ID: 116999ecb103eb8a54c809552d5efc50
	at java.base/jdk.internal.reflect.DirectConstructorHandleAccessor.newInstance(DirectConstructorHandleAccessor.java:62)
	at java.base/java.lang.reflect.Constructor.newInstanceWithCaller(Constructor.java:502)
	at java.base/java.lang.reflect.Constructor.newInstance(Constructor.java:486)
	at org.openqa.selenium.remote.codec.w3c.W3CHttpResponseCodec.createException(W3CHttpResponseCodec.java:200)
	at org.openqa.selenium.remote.codec.w3c.W3CHttpResponseCodec.decode(W3CHttpResponseCodec.java:133)
	at org.openqa.selenium.remote.codec.w3c.W3CHttpResponseCodec.decode(W3CHttpResponseCodec.java:52)
	at org.openqa.selenium.remote.HttpCommandExecutor.execute(HttpCommandExecutor.java:191)
	at org.openqa.selenium.remote.service.DriverCommandExecutor.invokeExecute(DriverCommandExecutor.java:196)
	at org.openqa.selenium.remote.service.DriverCommandExecutor.execute(DriverCommandExecutor.java:171)
	at org.openqa.selenium.remote.RemoteWebDriver.execute(RemoteWebDriver.java:518)
	at org.openqa.selenium.remote.ElementLocation$ElementFinder$2.findElement(ElementLocation.java:165)
	at org.openqa.selenium.remote.ElementLocation.findElement(ElementLocation.java:66)
	at org.openqa.selenium.remote.RemoteWebDriver.findElement(RemoteWebDriver.java:355)
	at org.openqa.selenium.remote.RemoteWebDriver.findElement(RemoteWebDriver.java:349)
	at org.openqa.selenium.support.pagefactory.DefaultElementLocator.findElement(DefaultElementLocator.java:68)
	at org.openqa.selenium.support.pagefactory.internal.LocatingElementHandler.invoke(LocatingElementHandler.java:38)
	at jdk.proxy2/jdk.proxy2.$Proxy24.sendKeys(Unknown Source)
	at stepdefinitions.AmazonStepdefinitions.amazonAramaKutusunaYazipAratir(AmazonStepdefinitions.java:81)
	at âœ½.amazon arama kutusuna "Nutella" yazip aratir(file:///Users/semih/IdeaProjects/com.cucumberTeam/src/test/resources/features/US1003_ParametreIleCokluArama.feature:7)
]]></failure>
    </testcase>
    <testcase classname="US1003 Kullanici parametre olarak girilen degerleri aratir" name="TC05 Kullanici Parametreli method ile Samsung aratir" time="12.903">
        <system-out><![CDATA[Given kullanici amazon anasayfaya gider.....................................passed
Then amazon arama kutusuna "Samsung" yazip aratir...........................passed
And arama sonuclarinin "Samsung" icerdigini test eder.......................passed
And sayfayi kapatir.........................................................passed
]]></system-out>
    </testcase>
    <testcase classname="US1005 Kullanici configuration.properties'de yazilan datalari parametre olarak kullanir" name="TC06 Kullanici amazon sitesine gidisi test eder" time="3.279">
        <system-out><![CDATA[Given kullanici "amazonUrl" anasayfaya gider................................passed
Then url de "amazon" oldugunu test eder.....................................passed
And sayfayi kapatir.........................................................passed
]]></system-out>
    </testcase>
    <testcase classname="US1005 Kullanici configuration.properties'de yazilan datalari parametre olarak kullanir" name="TC07 Kullanici wisequarter sitesine gidisi test eder" time="5.023">
        <system-out><![CDATA[Given kullanici "wqUrl" anasayfaya gider....................................passed
Then url de "wisequarter" oldugunu test eder................................passed
And sayfayi kapatir.........................................................passed
]]></system-out>
    </testcase>
    <testcase classname="US1005 Kullanici configuration.properties'de yazilan datalari parametre olarak kullanir" name="TC08 Kullanici wisequarter sitesine gidisi test eder" time="4.896">
        <system-out><![CDATA[Given kullanici "walmartUrl" anasayfaya gider...............................passed
Then url de "walmart" oldugunu test eder....................................passed
And sayfayi kapatir.........................................................passed
]]></system-out>
    </testcase>
</testsuite>
